<?xml version="1.0" encoding="utf-8" standalone="no"?>
<!--This file represents the results of running a test suite-->
<test-results name="/win/Users/rtaylor/projects/remi/NUnit.Should/bin/Debug/NUnit.Should.Specs.dll" total="11" errors="0" failures="0" not-run="0" inconclusive="0" ignored="0" skipped="0" invalid="0" date="2010-12-30" time="16:37:17">
  <environment nunit-version="2.5.8.10295" clr-version="2.0.50727.1433" os-version="Unix 2.6.35.22" platform="Unix" cwd="/win/Users/rtaylor/projects/remi/NUnit.Should" machine-name="meerkat" user="remi" user-domain="meerkat" />
  <culture-info current-culture="en-US" current-uiculture="en-US" />
  <test-suite type="Assembly" name="/win/Users/rtaylor/projects/remi/NUnit.Should/bin/Debug/NUnit.Should.Specs.dll" executed="True" result="Success" success="True" time="0.178" asserts="0">
    <results>
      <test-suite type="TestFixture" name="CustomShouldAssertions" executed="True" result="Success" success="True" time="0.096" asserts="0">
        <results>
          <test-case name="CustomShouldAssertions.ShouldBeFalse" executed="True" result="Success" success="True" time="0.033" asserts="1" />
          <test-case name="CustomShouldAssertions.ShouldBeTrue" executed="True" result="Success" success="True" time="0.010" asserts="1" />
          <test-case name="CustomShouldAssertions.ShouldContain_Strings" executed="True" result="Success" success="True" time="0.006" asserts="1" />
          <test-case name="CustomShouldAssertions.ShouldContain_TEnum" executed="True" result="Success" success="True" time="0.012" asserts="1" />
          <test-case name="CustomShouldAssertions.ShouldEqual" executed="True" result="Success" success="True" time="0.008" asserts="1" />
          <test-case name="CustomShouldAssertions.ShouldNotEqual" executed="True" result="Success" success="True" time="0.004" asserts="1" />
        </results>
      </test-suite>
      <test-suite type="TestFixture" name="UsingBuiltInIResolveContraints" executed="True" result="Success" success="True" time="0.038" asserts="0">
        <results>
          <test-case name="UsingBuiltInIResolveContraints.Should_Be_EqualTo" executed="True" result="Success" success="True" time="0.006" asserts="1" />
          <test-case name="UsingBuiltInIResolveContraints.Should_Be_False" executed="True" result="Success" success="True" time="0.003" asserts="1" />
          <test-case name="UsingBuiltInIResolveContraints.Should_Be_True" executed="True" result="Success" success="True" time="0.006" asserts="1" />
          <test-case name="UsingBuiltInIResolveContraints.Should_Have_Length" executed="True" result="Success" success="True" time="0.004" asserts="2" />
          <test-case name="UsingBuiltInIResolveContraints.ShouldNot_Be_EqualTo" executed="True" result="Success" success="True" time="0.006" asserts="1" />
        </results>
      </test-suite>
    </results>
  </test-suite>
</test-results>